2024-03-27 13:33:49,296:INFO:test_Homepage:snding keeys
2024-03-27 13:33:58,464:INFO:test_Homepage:×
Success! Thank you! Your order will be delivered in next few weeks :-).
2024-03-27 13:57:25,183:test_Homepage:INFO:snding keeys
2024-03-27 13:57:35,486:test_Homepage:INFO:asserting text message×
Success! Thank you! Your order will be delivered in next few weeks :-).
2024-03-27 13:57:41,066:test_Homepage:INFO:snding keeys
2024-03-27 13:57:41,066:test_Homepage:INFO:snding keeys
2024-03-27 14:01:37,250:test_Homepage:INFO:snding keeys
2024-03-27 14:01:40,463:test_Homepage:INFO:snding keeys
2024-03-27 14:01:40,463:test_Homepage:INFO:snding keeys
2024-03-28 15:51:19,074:test_Homepage:INFO:snding keeys
2024-03-28 15:51:27,797:test_Homepage:INFO:asserting text message×
Success! Thank you! Your order will be delivered in next few weeks :-).
2024-03-28 15:51:29,628:test_Homepage:INFO:snding keeys
2024-03-28 15:51:29,628:test_Homepage:INFO:snding keeys
2024-03-28 15:54:18,735:test_Homepage:INFO:snding keeys
2024-03-28 15:54:21,286:test_Homepage:INFO:snding keeys
2024-03-28 15:54:21,286:test_Homepage:INFO:snding keeys
2024-03-29 16:59:12,446:test_Homepage:INFO:snding keeys
2024-03-29 16:59:12,503:test_Homepage:INFO:snding keeys
2024-03-29 16:59:12,503:test_Homepage:INFO:snding keeys
2024-03-30 12:46:44,441:test_Homepage:INFO:snding keeys
2024-03-30 12:46:46,410:test_Homepage:INFO:snding keeys
2024-03-30 12:46:46,410:test_Homepage:INFO:snding keeys
2024-03-30 12:59:07,951:test_Homepage:INFO:snding keeys
2024-03-30 12:59:10,079:test_Homepage:INFO:snding keeys
2024-03-30 12:59:10,079:test_Homepage:INFO:snding keeys
2024-03-30 13:37:45,143:test_Homepage:INFO:snding keeys
2024-03-30 13:37:47,539:test_Homepage:INFO:snding keeys
2024-03-30 13:37:47,539:test_Homepage:INFO:snding keeys
2024-03-30 13:38:03,139:test_Homepage:INFO:snding keeys
2024-03-30 13:38:05,075:test_Homepage:INFO:snding keeys
2024-03-30 13:38:05,075:test_Homepage:INFO:snding keeys
2024-03-30 13:40:29,520:test_Homepage:INFO:snding keeys
2024-03-30 13:40:30,242:test_Homepage:INFO:snding keeys
2024-03-30 13:40:30,242:test_Homepage:INFO:snding keeys
2024-03-30 15:09:23,059:test_Homepage:INFO:snding keeys
2024-03-30 15:09:23,954:test_Homepage:INFO:snding keeys
2024-03-30 15:09:23,954:test_Homepage:INFO:snding keeys
2024-03-30 15:27:35,401:test_Homepage:INFO:snding keeys
2024-03-30 15:27:36,182:test_Homepage:INFO:snding keeys
2024-03-30 15:27:36,182:test_Homepage:INFO:snding keeys
2024-03-30 15:30:05,364:test_Homepage:INFO:snding keeys
2024-03-30 15:30:06,266:test_Homepage:INFO:snding keeys
2024-03-30 15:30:06,266:test_Homepage:INFO:snding keeys
2024-04-12 13:15:02,113:test_Homepage:INFO:snding keeys
2024-04-12 13:19:32,946:test_Homepage:INFO:snding keeys
2024-04-13 17:08:51,953:test_Homepage:INFO:sending keeys
2024-04-13 17:09:04,099:test_Homepage:INFO:asserting text message×
Success! Thank you! Your order will be delivered in next few weeks :-).
